<?xml version="1.0" encoding="UTF-8"?>
<!-- Generated by org.testng.reporters.JUnitReportReporter -->
<testsuite hostname="Avijeet-Desktop" failures="0" tests="1" name="com.fb.qa.testcases.SignUpPageTest" time="9.281" errors="0" timestamp="17 Jul 2022 13:17:04 GMT" skipped="0">
  <testcase classname="com.fb.qa.testcases.SignUpPageTest" name="signupPageTitleTest" time="9.281"/>
</testsuite> <!-- com.fb.qa.testcases.SignUpPageTest -->
