<?xml version="1.0" encoding="UTF-8"?>
<!-- Generated by org.testng.reporters.JUnitReportReporter -->
<testsuite hostname="Avijeet-Desktop" failures="0" tests="1" name="com.fb.qa.testcases.LoginPageTest" time="8.528" errors="0" timestamp="17 Jul 2022 13:17:04 GMT" skipped="0">
  <testcase classname="com.fb.qa.testcases.LoginPageTest" name="loginPageTitleTest" time="8.528"/>
</testsuite> <!-- com.fb.qa.testcases.LoginPageTest -->
